[  0%] Built target _carla_ros_scenario_runner_types_generate_messages_check_deps_ExecuteScenario
[  0%] Built target _carla_ros_scenario_runner_types_generate_messages_check_deps_CarlaScenario
[  0%] Built target _carla_ros_scenario_runner_types_generate_messages_check_deps_CarlaScenarioList
[  0%] Built target geometry_msgs_generate_messages_eus
[  0%] Built target geometry_msgs_generate_messages_py
[  0%] Built target _carla_ros_scenario_runner_types_generate_messages_check_deps_CarlaScenarioRunnerStatus
[  0%] Built target geometry_msgs_generate_messages_cpp
[  0%] Built target geometry_msgs_generate_messages_lisp
[  0%] Built target geometry_msgs_generate_messages_nodejs
[ 26%] Built target carla_ros_scenario_runner_types_generate_messages_py
[ 47%] Built target carla_ros_scenario_runner_types_generate_messages_eus
[ 52%] [34m[1mGenerating C++ code from carla_ros_scenario_runner_types/CarlaScenario.msg[0m
[35m[1mScanning dependencies of target carla_ros_scenario_runner_types_generate_messages_lisp[0m
[ 56%] [34m[1mGenerating C++ code from carla_ros_scenario_runner_types/CarlaScenarioList.msg[0m
[ 60%] [34m[1mGenerating Lisp code from carla_ros_scenario_runner_types/CarlaScenario.msg[0m
[ 65%] [34m[1mGenerating Lisp code from carla_ros_scenario_runner_types/CarlaScenarioList.msg[0m
[35m[1mScanning dependencies of target carla_ros_scenario_runner_types_generate_messages_nodejs[0m
[ 69%] [34m[1mGenerating Lisp code from carla_ros_scenario_runner_types/CarlaScenarioRunnerStatus.msg[0m
[ 73%] [34m[1mGenerating Lisp code from carla_ros_scenario_runner_types/ExecuteScenario.srv[0m
[ 78%] [34m[1mGenerating Javascript code from carla_ros_scenario_runner_types/CarlaScenario.msg[0m
[ 78%] Built target carla_ros_scenario_runner_types_generate_messages_lisp
[ 82%] [34m[1mGenerating Javascript code from carla_ros_scenario_runner_types/CarlaScenarioList.msg[0m
[ 86%] [34m[1mGenerating C++ code from carla_ros_scenario_runner_types/CarlaScenarioRunnerStatus.msg[0m
[ 91%] [34m[1mGenerating C++ code from carla_ros_scenario_runner_types/ExecuteScenario.srv[0m
[ 95%] [34m[1mGenerating Javascript code from carla_ros_scenario_runner_types/CarlaScenarioRunnerStatus.msg[0m
[100%] [34m[1mGenerating Javascript code from carla_ros_scenario_runner_types/ExecuteScenario.srv[0m
[100%] Built target carla_ros_scenario_runner_types_generate_messages_nodejs
[100%] Built target carla_ros_scenario_runner_types_generate_messages_cpp
[35m[1mScanning dependencies of target carla_ros_scenario_runner_types_generate_messages[0m
[100%] Built target carla_ros_scenario_runner_types_generate_messages
