[35m[1mScanning dependencies of target _carla_ros_scenario_runner_types_generate_messages_check_deps_CarlaScenario[0m
[35m[1mScanning dependencies of target _carla_ros_scenario_runner_types_generate_messages_check_deps_CarlaScenarioRunnerStatus[0m
[35m[1mScanning dependencies of target _carla_ros_scenario_runner_types_generate_messages_check_deps_CarlaScenarioList[0m
[35m[1mScanning dependencies of target geometry_msgs_generate_messages_py[0m
[35m[1mScanning dependencies of target geometry_msgs_generate_messages_eus[0m
[35m[1mScanning dependencies of target _carla_ros_scenario_runner_types_generate_messages_check_deps_ExecuteScenario[0m
[  0%] Built target geometry_msgs_generate_messages_eus
[  0%] Built target geometry_msgs_generate_messages_py
[35m[1mScanning dependencies of target geometry_msgs_generate_messages_lisp[0m
[35m[1mScanning dependencies of target geometry_msgs_generate_messages_cpp[0m
[  0%] Built target geometry_msgs_generate_messages_lisp
[  0%] Built target geometry_msgs_generate_messages_cpp
[35m[1mScanning dependencies of target geometry_msgs_generate_messages_nodejs[0m
[  0%] Built target _carla_ros_scenario_runner_types_generate_messages_check_deps_CarlaScenarioRunnerStatus
[  0%] Built target _carla_ros_scenario_runner_types_generate_messages_check_deps_ExecuteScenario
[  0%] Built target _carla_ros_scenario_runner_types_generate_messages_check_deps_CarlaScenarioList
[  0%] Built target geometry_msgs_generate_messages_nodejs
[  0%] Built target _carla_ros_scenario_runner_types_generate_messages_check_deps_CarlaScenario
[35m[1mScanning dependencies of target carla_ros_scenario_runner_types_generate_messages_py[0m
[  4%] [34m[1mGenerating Python from MSG carla_ros_scenario_runner_types/CarlaScenario[0m
[  8%] [34m[1mGenerating Python from MSG carla_ros_scenario_runner_types/CarlaScenarioList[0m
[35m[1mScanning dependencies of target carla_ros_scenario_runner_types_generate_messages_eus[0m
[35m[1mScanning dependencies of target carla_ros_scenario_runner_types_generate_messages_cpp[0m
[ 13%] [34m[1mGenerating EusLisp code from carla_ros_scenario_runner_types/CarlaScenario.msg[0m
[ 17%] [34m[1mGenerating C++ code from carla_ros_scenario_runner_types/CarlaScenario.msg[0m
[ 21%] [34m[1mGenerating EusLisp code from carla_ros_scenario_runner_types/CarlaScenarioList.msg[0m
[ 26%] [34m[1mGenerating C++ code from carla_ros_scenario_runner_types/CarlaScenarioList.msg[0m
Traceback (most recent call last):
  File "/opt/ros/melodic/share/gencpp/cmake/../../../lib/gencpp/gen_cpp.py", line 43, in <module>
    import genmsg.template_tools
  File "/opt/ros/melodic/lib/python2.7/dist-packages/genmsg/template_tools.py", line 39, in <module>
    import em
ImportError: No module named em
CMakeFiles/carla_ros_scenario_runner_types_generate_messages_cpp.dir/build.make:72: recipe for target '/home/labdog/carla-ros-bridge/catkin_ws/devel/.private/carla_ros_scenario_runner_types/include/carla_ros_scenario_runner_types/CarlaScenarioList.h' failed
make[2]: *** [/home/labdog/carla-ros-bridge/catkin_ws/devel/.private/carla_ros_scenario_runner_types/include/carla_ros_scenario_runner_types/CarlaScenarioList.h] Error 1
make[2]: *** Waiting for unfinished jobs....
Traceback (most recent call last):
  File "/opt/ros/melodic/share/gencpp/cmake/../../../lib/gencpp/gen_cpp.py", line 43, in <module>
    import genmsg.template_tools
  File "/opt/ros/melodic/lib/python2.7/dist-packages/genmsg/template_tools.py", line 39, in <module>
    import em
ImportError: No module named em
CMakeFiles/carla_ros_scenario_runner_types_generate_messages_cpp.dir/build.make:65: recipe for target '/home/labdog/carla-ros-bridge/catkin_ws/devel/.private/carla_ros_scenario_runner_types/include/carla_ros_scenario_runner_types/CarlaScenario.h' failed
make[2]: *** [/home/labdog/carla-ros-bridge/catkin_ws/devel/.private/carla_ros_scenario_runner_types/include/carla_ros_scenario_runner_types/CarlaScenario.h] Error 1
CMakeFiles/Makefile2:491: recipe for target 'CMakeFiles/carla_ros_scenario_runner_types_generate_messages_cpp.dir/all' failed
make[1]: *** [CMakeFiles/carla_ros_scenario_runner_types_generate_messages_cpp.dir/all] Error 2
make[1]: *** Waiting for unfinished jobs....
[ 30%] [34m[1mGenerating EusLisp code from carla_ros_scenario_runner_types/CarlaScenarioRunnerStatus.msg[0m
[ 34%] [34m[1mGenerating EusLisp code from carla_ros_scenario_runner_types/ExecuteScenario.srv[0m
[ 39%] [34m[1mGenerating Python from MSG carla_ros_scenario_runner_types/CarlaScenarioRunnerStatus[0m
[ 43%] [34m[1mGenerating EusLisp manifest code for carla_ros_scenario_runner_types[0m
[ 47%] [34m[1mGenerating Python code from SRV carla_ros_scenario_runner_types/ExecuteScenario[0m
[ 52%] [34m[1mGenerating Python msg __init__.py for carla_ros_scenario_runner_types[0m
[ 56%] [34m[1mGenerating Python srv __init__.py for carla_ros_scenario_runner_types[0m
[ 56%] Built target carla_ros_scenario_runner_types_generate_messages_py
[ 56%] Built target carla_ros_scenario_runner_types_generate_messages_eus
Makefile:140: recipe for target 'all' failed
make: *** [all] Error 2
