[  0%] Built target _carla_msgs_generate_messages_check_deps_GetBlueprints
[  0%] Built target _carla_msgs_generate_messages_check_deps_CarlaControl
[  0%] Built target std_msgs_generate_messages_lisp
[  0%] Built target _carla_msgs_generate_messages_check_deps_CarlaEgoVehicleControl
[  0%] Built target _carla_msgs_generate_messages_check_deps_CarlaEgoVehicleInfo
[  0%] Built target _carla_msgs_generate_messages_check_deps_CarlaLaneInvasionEvent
[  0%] Built target _carla_msgs_generate_messages_check_deps_DestroyObject
[  0%] Built target _carla_msgs_generate_messages_check_deps_CarlaTrafficLightInfo
[  0%] Built target _carla_msgs_generate_messages_check_deps_CarlaWalkerControl
[  0%] Built target _carla_msgs_generate_messages_check_deps_CarlaWeatherParameters
[  0%] Built target geometry_msgs_generate_messages_lisp
[  0%] Built target _carla_msgs_generate_messages_check_deps_CarlaEgoVehicleInfoWheel
[  0%] Built target diagnostic_msgs_generate_messages_lisp
[  0%] Built target _carla_msgs_generate_messages_check_deps_CarlaCollisionEvent
[  0%] Built target _carla_msgs_generate_messages_check_deps_CarlaTrafficLightStatusList
[  0%] Built target _carla_msgs_generate_messages_check_deps_CarlaTrafficLightInfoList
[  0%] Built target _carla_msgs_generate_messages_check_deps_SpawnObject
[  0%] Built target _carla_msgs_generate_messages_check_deps_CarlaStatus
[  0%] Built target _carla_msgs_generate_messages_check_deps_CarlaTrafficLightStatus
[  0%] Built target _carla_msgs_generate_messages_check_deps_CarlaActorList
[  0%] Built target _carla_msgs_generate_messages_check_deps_CarlaWorldInfo
[  0%] Built target geometry_msgs_generate_messages_py
[  0%] Built target _carla_msgs_generate_messages_check_deps_CarlaBoundingBox
[  0%] Built target _carla_msgs_generate_messages_check_deps_CarlaActorInfo
[  0%] Built target _carla_msgs_generate_messages_check_deps_CarlaEgoVehicleStatus
[  0%] Built target diagnostic_msgs_generate_messages_py
[  0%] Built target std_msgs_generate_messages_py
[  0%] Built target std_msgs_generate_messages_nodejs
[  0%] Built target geometry_msgs_generate_messages_nodejs
[  0%] Built target diagnostic_msgs_generate_messages_nodejs
[  0%] Built target std_msgs_generate_messages_eus
[  0%] Built target geometry_msgs_generate_messages_eus
[  0%] Built target diagnostic_msgs_generate_messages_eus
[  0%] Built target geometry_msgs_generate_messages_cpp
[  0%] Built target std_msgs_generate_messages_cpp
[  0%] Built target diagnostic_msgs_generate_messages_cpp
[ 18%] Built target carla_msgs_generate_messages_lisp
[ 81%] Built target carla_msgs_generate_messages_nodejs
[ 81%] Built target carla_msgs_generate_messages_eus
[ 81%] Built target carla_msgs_generate_messages_py
[ 84%] [34m[1mGenerating C++ code from carla_msgs/CarlaStatus.msg[0m
[ 84%] [34m[1mGenerating C++ code from carla_msgs/CarlaLaneInvasionEvent.msg[0m
[ 85%] [34m[1mGenerating C++ code from carla_msgs/CarlaTrafficLightStatus.msg[0m
[ 86%] [34m[1mGenerating C++ code from carla_msgs/CarlaEgoVehicleControl.msg[0m
[ 86%] [34m[1mGenerating C++ code from carla_msgs/CarlaBoundingBox.msg[0m
[ 85%] [34m[1mGenerating C++ code from carla_msgs/CarlaWeatherParameters.msg[0m
[ 86%] [34m[1mGenerating C++ code from carla_msgs/CarlaActorInfo.msg[0m
[ 87%] [34m[1mGenerating C++ code from carla_msgs/CarlaTrafficLightInfo.msg[0m
[ 88%] [34m[1mGenerating C++ code from carla_msgs/CarlaWalkerControl.msg[0m
[ 90%] [34m[1mGenerating C++ code from carla_msgs/CarlaEgoVehicleStatus.msg[0m
[ 91%] [34m[1mGenerating C++ code from carla_msgs/CarlaWorldInfo.msg[0m
[ 92%] [34m[1mGenerating C++ code from carla_msgs/CarlaTrafficLightInfoList.msg[0m
[ 92%] [34m[1mGenerating C++ code from carla_msgs/CarlaActorList.msg[0m
[ 93%] [34m[1mGenerating C++ code from carla_msgs/CarlaEgoVehicleInfoWheel.msg[0m
[ 94%] [34m[1mGenerating C++ code from carla_msgs/CarlaControl.msg[0m
[ 95%] [34m[1mGenerating C++ code from carla_msgs/CarlaEgoVehicleInfo.msg[0m
[ 96%] [34m[1mGenerating C++ code from carla_msgs/CarlaCollisionEvent.msg[0m
[ 97%] [34m[1mGenerating C++ code from carla_msgs/CarlaTrafficLightStatusList.msg[0m
[ 97%] [34m[1mGenerating C++ code from carla_msgs/GetBlueprints.srv[0m
[ 98%] [34m[1mGenerating C++ code from carla_msgs/DestroyObject.srv[0m
[100%] [34m[1mGenerating C++ code from carla_msgs/SpawnObject.srv[0m
[100%] Built target carla_msgs_generate_messages_cpp
[35m[1mScanning dependencies of target carla_msgs_generate_messages[0m
[100%] Built target carla_msgs_generate_messages
