[35m[1mScanning dependencies of target _carla_msgs_generate_messages_check_deps_GetBlueprints[0m
[  0%] Built target _carla_msgs_generate_messages_check_deps_GetBlueprints
[35m[1mScanning dependencies of target _carla_msgs_generate_messages_check_deps_CarlaControl[0m
[35m[1mScanning dependencies of target _carla_msgs_generate_messages_check_deps_CarlaEgoVehicleControl[0m
[  0%] Built target _carla_msgs_generate_messages_check_deps_CarlaControl
[  0%] Built target _carla_msgs_generate_messages_check_deps_CarlaEgoVehicleControl
[35m[1mScanning dependencies of target _carla_msgs_generate_messages_check_deps_CarlaEgoVehicleInfo[0m
[  0%] Built target _carla_msgs_generate_messages_check_deps_CarlaEgoVehicleInfo
[35m[1mScanning dependencies of target std_msgs_generate_messages_lisp[0m
[  0%] Built target std_msgs_generate_messages_lisp
[35m[1mScanning dependencies of target _carla_msgs_generate_messages_check_deps_CarlaLaneInvasionEvent[0m
[35m[1mScanning dependencies of target _carla_msgs_generate_messages_check_deps_DestroyObject[0m
[35m[1mScanning dependencies of target _carla_msgs_generate_messages_check_deps_CarlaTrafficLightInfo[0m
[  0%] Built target _carla_msgs_generate_messages_check_deps_CarlaLaneInvasionEvent
[  0%] Built target _carla_msgs_generate_messages_check_deps_DestroyObject
[  0%] Built target _carla_msgs_generate_messages_check_deps_CarlaTrafficLightInfo
[35m[1mScanning dependencies of target _carla_msgs_generate_messages_check_deps_CarlaWalkerControl[0m
[35m[1mScanning dependencies of target _carla_msgs_generate_messages_check_deps_CarlaWeatherParameters[0m
[35m[1mScanning dependencies of target _carla_msgs_generate_messages_check_deps_CarlaEgoVehicleInfoWheel[0m
[  0%] Built target _carla_msgs_generate_messages_check_deps_CarlaWalkerControl
[35m[1mScanning dependencies of target geometry_msgs_generate_messages_lisp[0m
[  0%] Built target _carla_msgs_generate_messages_check_deps_CarlaWeatherParameters
[  0%] Built target geometry_msgs_generate_messages_lisp
[35m[1mScanning dependencies of target _carla_msgs_generate_messages_check_deps_CarlaCollisionEvent[0m
[35m[1mScanning dependencies of target _carla_msgs_generate_messages_check_deps_CarlaTrafficLightStatusList[0m
[  0%] Built target _carla_msgs_generate_messages_check_deps_CarlaEgoVehicleInfoWheel
[35m[1mScanning dependencies of target _carla_msgs_generate_messages_check_deps_CarlaTrafficLightInfoList[0m
[  0%] Built target _carla_msgs_generate_messages_check_deps_CarlaCollisionEvent
[  0%] Built target _carla_msgs_generate_messages_check_deps_CarlaTrafficLightStatusList
[35m[1mScanning dependencies of target diagnostic_msgs_generate_messages_lisp[0m
[  0%] Built target diagnostic_msgs_generate_messages_lisp
[  0%] Built target _carla_msgs_generate_messages_check_deps_CarlaTrafficLightInfoList
[35m[1mScanning dependencies of target _carla_msgs_generate_messages_check_deps_CarlaStatus[0m
[35m[1mScanning dependencies of target _carla_msgs_generate_messages_check_deps_SpawnObject[0m
[35m[1mScanning dependencies of target _carla_msgs_generate_messages_check_deps_CarlaActorList[0m
[35m[1mScanning dependencies of target _carla_msgs_generate_messages_check_deps_CarlaTrafficLightStatus[0m
[  0%] Built target _carla_msgs_generate_messages_check_deps_SpawnObject
[  0%] Built target _carla_msgs_generate_messages_check_deps_CarlaActorList
[  0%] Built target _carla_msgs_generate_messages_check_deps_CarlaStatus
[  0%] Built target _carla_msgs_generate_messages_check_deps_CarlaTrafficLightStatus
[35m[1mScanning dependencies of target _carla_msgs_generate_messages_check_deps_CarlaWorldInfo[0m
[35m[1mScanning dependencies of target _carla_msgs_generate_messages_check_deps_CarlaBoundingBox[0m
[  0%] Built target _carla_msgs_generate_messages_check_deps_CarlaBoundingBox
[35m[1mScanning dependencies of target _carla_msgs_generate_messages_check_deps_CarlaActorInfo[0m
[  0%] Built target _carla_msgs_generate_messages_check_deps_CarlaWorldInfo
[35m[1mScanning dependencies of target _carla_msgs_generate_messages_check_deps_CarlaEgoVehicleStatus[0m
[  0%] Built target _carla_msgs_generate_messages_check_deps_CarlaActorInfo
[  0%] Built target _carla_msgs_generate_messages_check_deps_CarlaEgoVehicleStatus
[35m[1mScanning dependencies of target geometry_msgs_generate_messages_py[0m
[35m[1mScanning dependencies of target diagnostic_msgs_generate_messages_py[0m
[35m[1mScanning dependencies of target std_msgs_generate_messages_py[0m
[35m[1mScanning dependencies of target std_msgs_generate_messages_nodejs[0m
[  0%] Built target diagnostic_msgs_generate_messages_py
[  0%] Built target geometry_msgs_generate_messages_py
[  0%] Built target std_msgs_generate_messages_py
[  0%] Built target std_msgs_generate_messages_nodejs
[35m[1mScanning dependencies of target geometry_msgs_generate_messages_nodejs[0m
[35m[1mScanning dependencies of target geometry_msgs_generate_messages_eus[0m
[35m[1mScanning dependencies of target diagnostic_msgs_generate_messages_nodejs[0m
[35m[1mScanning dependencies of target std_msgs_generate_messages_eus[0m
[35m[1mScanning dependencies of target diagnostic_msgs_generate_messages_eus[0m
[  0%] Built target diagnostic_msgs_generate_messages_nodejs
[  0%] Built target geometry_msgs_generate_messages_eus
[  0%] Built target geometry_msgs_generate_messages_nodejs
[  0%] Built target std_msgs_generate_messages_eus
[35m[1mScanning dependencies of target geometry_msgs_generate_messages_cpp[0m
[  0%] Built target diagnostic_msgs_generate_messages_eus
[35m[1mScanning dependencies of target std_msgs_generate_messages_cpp[0m
[35m[1mScanning dependencies of target diagnostic_msgs_generate_messages_cpp[0m
[35m[1mScanning dependencies of target carla_msgs_generate_messages_lisp[0m
[35m[1mScanning dependencies of target carla_msgs_generate_messages_nodejs[0m
[  0%] Built target geometry_msgs_generate_messages_cpp
[35m[1mScanning dependencies of target carla_msgs_generate_messages_py[0m
[  0%] Built target std_msgs_generate_messages_cpp
[  0%] Built target diagnostic_msgs_generate_messages_cpp
[  1%] [34m[1mGenerating Javascript code from carla_msgs/CarlaLaneInvasionEvent.msg[0m
[  1%] [34m[1mGenerating Lisp code from carla_msgs/CarlaLaneInvasionEvent.msg[0m
[35m[1mScanning dependencies of target carla_msgs_generate_messages_eus[0m
[  2%] [34m[1mGenerating Python from MSG carla_msgs/CarlaLaneInvasionEvent[0m
[  3%] [34m[1mGenerating Python from MSG carla_msgs/CarlaWeatherParameters[0m
[  3%] [34m[1mGenerating Python from MSG carla_msgs/CarlaStatus[0m
[  4%] [34m[1mGenerating EusLisp code from carla_msgs/CarlaLaneInvasionEvent.msg[0m
[  5%] [34m[1mGenerating Javascript code from carla_msgs/CarlaWeatherParameters.msg[0m
[  6%] [34m[1mGenerating Lisp code from carla_msgs/CarlaWeatherParameters.msg[0m
[  7%] [34m[1mGenerating EusLisp code from carla_msgs/CarlaWeatherParameters.msg[0m
[  8%] [34m[1mGenerating Javascript code from carla_msgs/CarlaStatus.msg[0m
[ 10%] [34m[1mGenerating Lisp code from carla_msgs/CarlaStatus.msg[0m
[ 11%] [34m[1mGenerating Lisp code from carla_msgs/CarlaTrafficLightStatus.msg[0m
[ 12%] [34m[1mGenerating EusLisp code from carla_msgs/CarlaStatus.msg[0m
[ 13%] [34m[1mGenerating Javascript code from carla_msgs/CarlaTrafficLightStatus.msg[0m
[ 14%] [34m[1mGenerating EusLisp code from carla_msgs/CarlaTrafficLightStatus.msg[0m
[ 14%] [34m[1mGenerating EusLisp code from carla_msgs/CarlaBoundingBox.msg[0m
[ 15%] [34m[1mGenerating Python from MSG carla_msgs/CarlaTrafficLightStatus[0m
[ 16%] [34m[1mGenerating Lisp code from carla_msgs/CarlaBoundingBox.msg[0m
[ 16%] [34m[1mGenerating Javascript code from carla_msgs/CarlaBoundingBox.msg[0m
[ 17%] [34m[1mGenerating Python from MSG carla_msgs/CarlaBoundingBox[0m
[ 18%] [34m[1mGenerating Javascript code from carla_msgs/CarlaEgoVehicleControl.msg[0m
[ 20%] [34m[1mGenerating EusLisp code from carla_msgs/CarlaEgoVehicleControl.msg[0m
[ 21%] [34m[1mGenerating Lisp code from carla_msgs/CarlaEgoVehicleControl.msg[0m
[ 22%] [34m[1mGenerating Lisp code from carla_msgs/CarlaActorInfo.msg[0m
[ 23%] [34m[1mGenerating Javascript code from carla_msgs/CarlaTrafficLightInfo.msg[0m
[ 24%] [34m[1mGenerating Javascript code from carla_msgs/CarlaActorInfo.msg[0m
[ 25%] [34m[1mGenerating EusLisp code from carla_msgs/CarlaActorInfo.msg[0m
[ 26%] [34m[1mGenerating Javascript code from carla_msgs/CarlaWalkerControl.msg[0m
[ 26%] [34m[1mGenerating Lisp code from carla_msgs/CarlaTrafficLightInfo.msg[0m
[ 27%] [34m[1mGenerating Python from MSG carla_msgs/CarlaEgoVehicleControl[0m
[35m[1mScanning dependencies of target carla_msgs_generate_messages_cpp[0m
[ 28%] [34m[1mGenerating Python from MSG carla_msgs/CarlaActorInfo[0m
[ 30%] [34m[1mGenerating EusLisp code from carla_msgs/CarlaTrafficLightInfo.msg[0m
[ 30%] [34m[1mGenerating C++ code from carla_msgs/CarlaLaneInvasionEvent.msg[0m
[ 31%] [34m[1mGenerating Javascript code from carla_msgs/CarlaEgoVehicleStatus.msg[0m
[ 32%] [34m[1mGenerating Lisp code from carla_msgs/CarlaWalkerControl.msg[0m
Traceback (most recent call last):
  File "/opt/ros/melodic/share/gencpp/cmake/../../../lib/gencpp/gen_cpp.py", line 43, in <module>
    import genmsg.template_tools
  File "/opt/ros/melodic/lib/python2.7/dist-packages/genmsg/template_tools.py", line 39, in <module>
    import em
ImportError: No module named em
CMakeFiles/carla_msgs_generate_messages_cpp.dir/build.make:83: recipe for target '/home/labdog/carla-ros-bridge/catkin_ws/devel/.private/carla_msgs/include/carla_msgs/CarlaLaneInvasionEvent.h' failed
make[2]: *** [/home/labdog/carla-ros-bridge/catkin_ws/devel/.private/carla_msgs/include/carla_msgs/CarlaLaneInvasionEvent.h] Error 1
CMakeFiles/Makefile2:287: recipe for target 'CMakeFiles/carla_msgs_generate_messages_cpp.dir/all' failed
make[1]: *** [CMakeFiles/carla_msgs_generate_messages_cpp.dir/all] Error 2
make[1]: *** Waiting for unfinished jobs....
[ 33%] [34m[1mGenerating Python from MSG carla_msgs/CarlaTrafficLightInfo[0m
[ 34%] [34m[1mGenerating Javascript code from carla_msgs/CarlaWorldInfo.msg[0m
[ 35%] [34m[1mGenerating Lisp code from carla_msgs/CarlaEgoVehicleStatus.msg[0m
[ 36%] [34m[1mGenerating EusLisp code from carla_msgs/CarlaWalkerControl.msg[0m
[ 36%] [34m[1mGenerating Javascript code from carla_msgs/CarlaTrafficLightInfoList.msg[0m
[ 37%] [34m[1mGenerating Lisp code from carla_msgs/CarlaWorldInfo.msg[0m
[ 38%] [34m[1mGenerating Lisp code from carla_msgs/CarlaTrafficLightInfoList.msg[0m
[ 38%] [34m[1mGenerating EusLisp code from carla_msgs/CarlaWorldInfo.msg[0m
[ 40%] [34m[1mGenerating EusLisp code from carla_msgs/CarlaEgoVehicleStatus.msg[0m
[ 41%] [34m[1mGenerating Javascript code from carla_msgs/CarlaActorList.msg[0m
[ 41%] [34m[1mGenerating Python from MSG carla_msgs/CarlaWalkerControl[0m
[ 42%] [34m[1mGenerating EusLisp code from carla_msgs/CarlaTrafficLightInfoList.msg[0m
[ 43%] [34m[1mGenerating Lisp code from carla_msgs/CarlaActorList.msg[0m
[ 44%] [34m[1mGenerating Javascript code from carla_msgs/CarlaEgoVehicleInfoWheel.msg[0m
[ 44%] [34m[1mGenerating Lisp code from carla_msgs/CarlaEgoVehicleInfoWheel.msg[0m
[ 45%] [34m[1mGenerating Lisp code from carla_msgs/CarlaControl.msg[0m
[ 46%] [34m[1mGenerating EusLisp code from carla_msgs/CarlaActorList.msg[0m
[ 47%] [34m[1mGenerating Javascript code from carla_msgs/CarlaControl.msg[0m
[ 48%] [34m[1mGenerating Javascript code from carla_msgs/CarlaEgoVehicleInfo.msg[0m
[ 50%] [34m[1mGenerating Lisp code from carla_msgs/CarlaEgoVehicleInfo.msg[0m
[ 51%] [34m[1mGenerating Javascript code from carla_msgs/CarlaCollisionEvent.msg[0m
[ 52%] [34m[1mGenerating Python from MSG carla_msgs/CarlaEgoVehicleStatus[0m
[ 53%] [34m[1mGenerating Lisp code from carla_msgs/CarlaCollisionEvent.msg[0m
[ 54%] [34m[1mGenerating EusLisp code from carla_msgs/CarlaEgoVehicleInfoWheel.msg[0m
[ 55%] [34m[1mGenerating Python from MSG carla_msgs/CarlaWorldInfo[0m
[ 56%] [34m[1mGenerating EusLisp code from carla_msgs/CarlaControl.msg[0m
[ 57%] [34m[1mGenerating Lisp code from carla_msgs/CarlaTrafficLightStatusList.msg[0m
[ 58%] [34m[1mGenerating Python from MSG carla_msgs/CarlaTrafficLightInfoList[0m
[ 58%] [34m[1mGenerating Javascript code from carla_msgs/CarlaTrafficLightStatusList.msg[0m
[ 60%] [34m[1mGenerating Lisp code from carla_msgs/GetBlueprints.srv[0m
[ 61%] [34m[1mGenerating Javascript code from carla_msgs/GetBlueprints.srv[0m
[ 62%] [34m[1mGenerating EusLisp code from carla_msgs/CarlaEgoVehicleInfo.msg[0m
[ 63%] [34m[1mGenerating Javascript code from carla_msgs/DestroyObject.srv[0m
[ 64%] [34m[1mGenerating Python from MSG carla_msgs/CarlaActorList[0m
[ 64%] [34m[1mGenerating Lisp code from carla_msgs/DestroyObject.srv[0m
[ 65%] [34m[1mGenerating Lisp code from carla_msgs/SpawnObject.srv[0m
[ 66%] [34m[1mGenerating Javascript code from carla_msgs/SpawnObject.srv[0m
[ 66%] [34m[1mGenerating EusLisp code from carla_msgs/CarlaCollisionEvent.msg[0m
[ 67%] [34m[1mGenerating EusLisp code from carla_msgs/CarlaTrafficLightStatusList.msg[0m
[ 67%] Built target carla_msgs_generate_messages_lisp
[ 68%] [34m[1mGenerating EusLisp code from carla_msgs/DestroyObject.srv[0m
[ 68%] Built target carla_msgs_generate_messages_nodejs
[ 70%] [34m[1mGenerating EusLisp code from carla_msgs/GetBlueprints.srv[0m
[ 71%] [34m[1mGenerating EusLisp code from carla_msgs/SpawnObject.srv[0m
[ 72%] [34m[1mGenerating Python from MSG carla_msgs/CarlaEgoVehicleInfoWheel[0m
[ 73%] [34m[1mGenerating Python from MSG carla_msgs/CarlaControl[0m
[ 74%] [34m[1mGenerating EusLisp manifest code for carla_msgs[0m
[ 74%] [34m[1mGenerating Python from MSG carla_msgs/CarlaEgoVehicleInfo[0m
[ 75%] [34m[1mGenerating Python from MSG carla_msgs/CarlaCollisionEvent[0m
[ 76%] [34m[1mGenerating Python from MSG carla_msgs/CarlaTrafficLightStatusList[0m
[ 77%] [34m[1mGenerating Python code from SRV carla_msgs/GetBlueprints[0m
[ 78%] [34m[1mGenerating Python code from SRV carla_msgs/DestroyObject[0m
[ 80%] [34m[1mGenerating Python code from SRV carla_msgs/SpawnObject[0m
[ 81%] [34m[1mGenerating Python srv __init__.py for carla_msgs[0m
[ 81%] [34m[1mGenerating Python msg __init__.py for carla_msgs[0m
[ 81%] Built target carla_msgs_generate_messages_py
[ 81%] Built target carla_msgs_generate_messages_eus
Makefile:140: recipe for target 'all' failed
make: *** [all] Error 2
