Symlinking /home/labdog/carla-ros-bridge/catkin_ws/devel/share/common-lisp/ros/carla_ackermann_msgs/msg/_package.lisp
Symlinking /home/labdog/carla-ros-bridge/catkin_ws/devel/share/common-lisp/ros/carla_ackermann_msgs/msg/EgoVehicleControlMaxima.lisp
Symlinking /home/labdog/carla-ros-bridge/catkin_ws/devel/share/common-lisp/ros/carla_ackermann_msgs/msg/_package_EgoVehicleControlInfo.lisp
Symlinking /home/labdog/carla-ros-bridge/catkin_ws/devel/share/common-lisp/ros/carla_ackermann_msgs/msg/_package_EgoVehicleControlStatus.lisp
Symlinking /home/labdog/carla-ros-bridge/catkin_ws/devel/share/common-lisp/ros/carla_ackermann_msgs/msg/EgoVehicleControlCurrent.lisp
Symlinking /home/labdog/carla-ros-bridge/catkin_ws/devel/share/common-lisp/ros/carla_ackermann_msgs/msg/carla_ackermann_msgs-msg.asd
Symlinking /home/labdog/carla-ros-bridge/catkin_ws/devel/share/common-lisp/ros/carla_ackermann_msgs/msg/_package_EgoVehicleControlMaxima.lisp
Symlinking /home/labdog/carla-ros-bridge/catkin_ws/devel/share/common-lisp/ros/carla_ackermann_msgs/msg/EgoVehicleControlInfo.lisp
Symlinking /home/labdog/carla-ros-bridge/catkin_ws/devel/share/common-lisp/ros/carla_ackermann_msgs/msg/_package_EgoVehicleControlTarget.lisp
Symlinking /home/labdog/carla-ros-bridge/catkin_ws/devel/share/common-lisp/ros/carla_ackermann_msgs/msg/_package_EgoVehicleControlCurrent.lisp
Symlinking /home/labdog/carla-ros-bridge/catkin_ws/devel/share/common-lisp/ros/carla_ackermann_msgs/msg/EgoVehicleControlStatus.lisp
Symlinking /home/labdog/carla-ros-bridge/catkin_ws/devel/share/common-lisp/ros/carla_ackermann_msgs/msg/EgoVehicleControlTarget.lisp
Symlinking /home/labdog/carla-ros-bridge/catkin_ws/devel/share/gennodejs/ros/carla_ackermann_msgs/_index.js
Symlinking /home/labdog/carla-ros-bridge/catkin_ws/devel/share/gennodejs/ros/carla_ackermann_msgs/msg/EgoVehicleControlTarget.js
Symlinking /home/labdog/carla-ros-bridge/catkin_ws/devel/share/gennodejs/ros/carla_ackermann_msgs/msg/EgoVehicleControlMaxima.js
Symlinking /home/labdog/carla-ros-bridge/catkin_ws/devel/share/gennodejs/ros/carla_ackermann_msgs/msg/EgoVehicleControlStatus.js
Symlinking /home/labdog/carla-ros-bridge/catkin_ws/devel/share/gennodejs/ros/carla_ackermann_msgs/msg/EgoVehicleControlInfo.js
Symlinking /home/labdog/carla-ros-bridge/catkin_ws/devel/share/gennodejs/ros/carla_ackermann_msgs/msg/_index.js
Symlinking /home/labdog/carla-ros-bridge/catkin_ws/devel/share/gennodejs/ros/carla_ackermann_msgs/msg/EgoVehicleControlCurrent.js
Symlinking /home/labdog/carla-ros-bridge/catkin_ws/devel/share/carla_ackermann_msgs/cmake/carla_ackermann_msgs-msg-paths.cmake
Symlinking /home/labdog/carla-ros-bridge/catkin_ws/devel/share/carla_ackermann_msgs/cmake/carla_ackermann_msgs-msg-extras.cmake
Symlinking /home/labdog/carla-ros-bridge/catkin_ws/devel/share/carla_ackermann_msgs/cmake/carla_ackermann_msgsConfig-version.cmake
Symlinking /home/labdog/carla-ros-bridge/catkin_ws/devel/share/carla_ackermann_msgs/cmake/carla_ackermann_msgsConfig.cmake
Symlinking /home/labdog/carla-ros-bridge/catkin_ws/devel/share/roseus/ros/carla_ackermann_msgs/manifest.l
Symlinking /home/labdog/carla-ros-bridge/catkin_ws/devel/share/roseus/ros/carla_ackermann_msgs/msg/EgoVehicleControlMaxima.l
Symlinking /home/labdog/carla-ros-bridge/catkin_ws/devel/share/roseus/ros/carla_ackermann_msgs/msg/EgoVehicleControlStatus.l
Symlinking /home/labdog/carla-ros-bridge/catkin_ws/devel/share/roseus/ros/carla_ackermann_msgs/msg/EgoVehicleControlCurrent.l
Symlinking /home/labdog/carla-ros-bridge/catkin_ws/devel/share/roseus/ros/carla_ackermann_msgs/msg/EgoVehicleControlInfo.l
Symlinking /home/labdog/carla-ros-bridge/catkin_ws/devel/share/roseus/ros/carla_ackermann_msgs/msg/EgoVehicleControlTarget.l
Symlinking /home/labdog/carla-ros-bridge/catkin_ws/devel/include/carla_ackermann_msgs/EgoVehicleControlMaxima.h
Symlinking /home/labdog/carla-ros-bridge/catkin_ws/devel/include/carla_ackermann_msgs/EgoVehicleControlCurrent.h
Symlinking /home/labdog/carla-ros-bridge/catkin_ws/devel/include/carla_ackermann_msgs/EgoVehicleControlStatus.h
Symlinking /home/labdog/carla-ros-bridge/catkin_ws/devel/include/carla_ackermann_msgs/EgoVehicleControlInfo.h
Symlinking /home/labdog/carla-ros-bridge/catkin_ws/devel/include/carla_ackermann_msgs/EgoVehicleControlTarget.h
Symlinking /home/labdog/carla-ros-bridge/catkin_ws/devel/lib/pkgconfig/carla_ackermann_msgs.pc
Symlinking /home/labdog/carla-ros-bridge/catkin_ws/devel/lib/python2.7/dist-packages/carla_ackermann_msgs/__init__.py
Symlinking /home/labdog/carla-ros-bridge/catkin_ws/devel/lib/python2.7/dist-packages/carla_ackermann_msgs/msg/_EgoVehicleControlStatus.py
Symlinking /home/labdog/carla-ros-bridge/catkin_ws/devel/lib/python2.7/dist-packages/carla_ackermann_msgs/msg/_EgoVehicleControlCurrent.py
Symlinking /home/labdog/carla-ros-bridge/catkin_ws/devel/lib/python2.7/dist-packages/carla_ackermann_msgs/msg/_EgoVehicleControlInfo.py
Symlinking /home/labdog/carla-ros-bridge/catkin_ws/devel/lib/python2.7/dist-packages/carla_ackermann_msgs/msg/__init__.py
Symlinking /home/labdog/carla-ros-bridge/catkin_ws/devel/lib/python2.7/dist-packages/carla_ackermann_msgs/msg/_EgoVehicleControlMaxima.py
Symlinking /home/labdog/carla-ros-bridge/catkin_ws/devel/lib/python2.7/dist-packages/carla_ackermann_msgs/msg/_EgoVehicleControlTarget.py
